<?xml version="1.0" encoding="UTF-8"?>
<!-- Generated by org.testng.reporters.JUnitReportReporter -->
<testsuite hostname="PK" failures="0" tests="1" name="test_Scripts.TestScript_LN5" time="0.875" errors="0" timestamp="2022-10-07T16:17:56 IST" skipped="0">
  <testcase classname="test_Scripts.TestScript_LN5" name="login" time="0.875"/>
  <system-out/>
</testsuite> <!-- test_Scripts.TestScript_LN5 -->
