<?xml version="1.0" encoding="UTF-8"?>
<!-- Generated by org.testng.reporters.JUnitReportReporter -->
<testsuite hostname="TYSS-Yogita" failures="0" tests="1" name="test_Scripts.SampleTest" time="0.006" errors="0" timestamp="10 Feb 2022 11:01:43 GMT" skipped="0">
  <testcase classname="test_Scripts.SampleTest" name="sample" time="0.006"/>
</testsuite> <!-- test_Scripts.SampleTest -->
