<?xml version="1.0" encoding="UTF-8"?>
<!-- Generated by org.testng.reporters.JUnitReportReporter -->
<testsuite hostname="TYSS-Yogita" failures="0" tests="1" name="test_Scripts.TestScript1" time="0.975" errors="0" timestamp="2022-10-03T11:41:22 IST" skipped="0">
  <testcase classname="test_Scripts.TestScript1" name="testScript1" time="0.975"/>
  <system-out/>
</testsuite> <!-- test_Scripts.TestScript1 -->
