<?xml version="1.0" encoding="UTF-8"?>
<!-- Generated by org.testng.reporters.JUnitReportReporter -->
<testsuite hostname="PK" failures="0" tests="1" name="test_Scripts.TestScript_LN15" time="2.158" errors="0" timestamp="2022-10-07T17:21:07 IST" skipped="0">
  <testcase classname="test_Scripts.TestScript_LN15" name="login" time="2.158"/>
  <system-out>
    <![CDATA[added address]]>
  </system-out>
</testsuite> <!-- test_Scripts.TestScript_LN15 -->
