<?xml version="1.0" encoding="UTF-8"?>
<!-- Generated by org.testng.reporters.JUnitReportReporter -->
<testsuite hostname="PK" failures="0" tests="1" name="test_Scripts.LoginTS" time="2.187" errors="0" timestamp="2022-10-07T15:59:15 IST" skipped="0">
  <testcase classname="test_Scripts.LoginTS" name="login" time="2.187"/>
  <system-out>
    <![CDATA[added address]]>
  </system-out>
</testsuite> <!-- test_Scripts.LoginTS -->
