<?xml version="1.0" encoding="UTF-8"?>
<!-- Generated by org.testng.reporters.JUnitReportReporter -->
<testsuite hostname="PK" failures="0" tests="1" name="test_Scripts.TestScript_LN7" time="0.889" errors="0" timestamp="2022-10-07T16:20:43 IST" skipped="0">
  <testcase classname="test_Scripts.TestScript_LN7" name="login" time="0.889"/>
  <system-out/>
</testsuite> <!-- test_Scripts.TestScript_LN7 -->
