<?xml version="1.0" encoding="UTF-8"?>
<!-- Generated by org.testng.reporters.JUnitReportReporter -->
<testsuite hostname="PK" failures="0" tests="1" name="test_Scripts.TestScript_LN11" time="2.593" errors="0" timestamp="2022-10-07T17:07:31 IST" skipped="0">
  <testcase classname="test_Scripts.TestScript_LN11" name="login" time="2.593"/>
  <system-out>
    <![CDATA[added address]]>
  </system-out>
</testsuite> <!-- test_Scripts.TestScript_LN11 -->
