<?xml version="1.0" encoding="UTF-8"?>
<!-- Generated by org.testng.reporters.JUnitReportReporter -->
<testsuite hostname="PK" failures="0" tests="1" name="test_Scripts.TestScript_LN3" time="1.040" errors="0" timestamp="2022-10-07T16:10:42 IST" skipped="0">
  <testcase classname="test_Scripts.TestScript_LN3" name="login" time="1.040"/>
  <system-out/>
</testsuite> <!-- test_Scripts.TestScript_LN3 -->
