<?xml version="1.0" encoding="UTF-8"?>
<!-- Generated by org.testng.reporters.JUnitReportReporter -->
<testsuite hostname="PK" failures="0" tests="1" name="test_Scripts.TestScript_LN16" time="2.216" errors="0" timestamp="2022-10-07T17:22:01 IST" skipped="0">
  <testcase classname="test_Scripts.TestScript_LN16" name="login" time="2.216"/>
  <system-out>
    <![CDATA[added address]]>
  </system-out>
</testsuite> <!-- test_Scripts.TestScript_LN16 -->
