<?xml version="1.0" encoding="UTF-8"?>
<!-- Generated by org.testng.reporters.JUnitReportReporter -->
<testsuite hostname="PK" failures="0" tests="1" name="test_Scripts.TestScript_LN8" time="0.915" errors="0" timestamp="2022-10-07T16:21:59 IST" skipped="0">
  <testcase classname="test_Scripts.TestScript_LN8" name="login" time="0.915"/>
  <system-out/>
</testsuite> <!-- test_Scripts.TestScript_LN8 -->
